{"timestamp": "2026-03-13T03:22:18.593517+00:00", "event": "scan_created", "actor_role": "analyst", "details": {"scan_id": "59a8602a-71fd-4d0f-9e68-3b7dc89e9304", "target_url": "https://example.com"}}
{"timestamp": "2026-03-13T03:22:18.606956+00:00", "event": "scan_created", "actor_role": "admin", "details": {"scan_id": "7d7fffbc-085e-427a-a0a5-f8779022115c", "target_url": "https://incomplete.example.com"}}
{"timestamp": "2026-03-13T03:22:18.611964+00:00", "event": "scan_created", "actor_role": "admin", "details": {"scan_id": "44792cfc-93ad-45ce-8ab7-fa872496c469", "target_url": "https://example.com"}}
{"timestamp": "2026-03-13T03:22:18.615329+00:00", "event": "report_downloaded", "actor_role": "auditor", "details": {"scan_id": "44792cfc-93ad-45ce-8ab7-fa872496c469"}}
{"timestamp": "2026-03-13T03:22:18.620170+00:00", "event": "scan_created", "actor_role": "admin", "details": {"scan_id": "0f9dcc5e-faa7-4dd7-8864-50f19f860701", "target_url": "https://example.com"}}
{"timestamp": "2026-03-13T03:25:56.691386+00:00", "event": "scan_created", "actor_role": "analyst", "details": {"scan_id": "bebb2048-2c45-47d6-bf69-084ed2bd2141", "target_url": "https://example.com", "engine": "simulated", "fallback_to_simulated": "True"}}
{"timestamp": "2026-03-13T03:25:56.705208+00:00", "event": "scan_created", "actor_role": "admin", "details": {"scan_id": "f4e9656a-66f1-48ed-aa1f-f7715838e495", "target_url": "https://incomplete.example.com", "engine": "simulated", "fallback_to_simulated": "True"}}
{"timestamp": "2026-03-13T03:25:56.709896+00:00", "event": "scan_created", "actor_role": "admin", "details": {"scan_id": "62abfd48-6c2c-4e0b-b22c-7a37dc58a19c", "target_url": "https://example.com", "engine": "simulated", "fallback_to_simulated": "True"}}
{"timestamp": "2026-03-13T03:25:56.713323+00:00", "event": "report_downloaded", "actor_role": "auditor", "details": {"scan_id": "62abfd48-6c2c-4e0b-b22c-7a37dc58a19c"}}
{"timestamp": "2026-03-13T03:25:56.719723+00:00", "event": "scan_created", "actor_role": "admin", "details": {"scan_id": "492270b9-7d37-43d5-b5b2-1dceb23021fc", "target_url": "https://example.com", "engine": "simulated", "fallback_to_simulated": "True"}}
{"timestamp": "2026-03-13T03:25:56.729778+00:00", "event": "scan_created", "actor_role": "admin", "details": {"scan_id": "a1315c2a-5378-4db6-8e1e-42c74a262f9b", "target_url": "https://example.com", "engine": "zap", "fallback_to_simulated": "False"}}
{"timestamp": "2026-03-13T03:52:19.823617+00:00", "event": "scan_created", "actor_role": "analyst", "details": {"scan_id": "b06404ef-430f-4a97-a9d5-94b0c919b04e", "target_url": "https://example.com", "engine": "simulated", "fallback_to_simulated": "True"}}
{"timestamp": "2026-03-13T03:52:19.838522+00:00", "event": "scan_created", "actor_role": "admin", "details": {"scan_id": "782acc40-c825-4ed3-81fe-da2b4f7ed69e", "target_url": "https://incomplete.example.com", "engine": "simulated", "fallback_to_simulated": "True"}}
{"timestamp": "2026-03-13T03:52:19.843427+00:00", "event": "scan_created", "actor_role": "admin", "details": {"scan_id": "5679f5df-0946-4446-8a32-981487e9e985", "target_url": "https://example.com", "engine": "simulated", "fallback_to_simulated": "True"}}
{"timestamp": "2026-03-13T03:52:19.847305+00:00", "event": "report_downloaded", "actor_role": "auditor", "details": {"scan_id": "5679f5df-0946-4446-8a32-981487e9e985"}}
{"timestamp": "2026-03-13T03:52:19.852185+00:00", "event": "scan_created", "actor_role": "admin", "details": {"scan_id": "115d8d65-b278-4756-8d36-82cefcc65b77", "target_url": "https://example.com", "engine": "simulated", "fallback_to_simulated": "True"}}
{"timestamp": "2026-03-13T03:52:19.860048+00:00", "event": "scan_created", "actor_role": "admin", "details": {"scan_id": "aca10721-a661-46d5-a71b-330d78fdf5ff", "target_url": "https://example.com", "engine": "zap", "fallback_to_simulated": "False"}}
{"timestamp": "2026-03-13T05:04:07.832119+00:00", "event": "scan_created", "actor_role": "analyst", "details": {"scan_id": "02c41628-2edd-4cb9-88a3-26eb9a2a7eb6", "target_url": "https://example.com", "engine": "simulated", "fallback_to_simulated": "True", "username": "tester"}}
{"timestamp": "2026-03-13T05:04:07.846720+00:00", "event": "scan_created", "actor_role": "admin", "details": {"scan_id": "36193c17-a2cc-4730-b9f8-44a38abc9e55", "target_url": "https://incomplete.example.com", "engine": "simulated", "fallback_to_simulated": "True", "username": "tester"}}
{"timestamp": "2026-03-13T05:04:07.851543+00:00", "event": "scan_created", "actor_role": "admin", "details": {"scan_id": "489d8e19-b6d3-4b80-b383-58765fe98c7b", "target_url": "https://example.com", "engine": "simulated", "fallback_to_simulated": "True", "username": "tester"}}
{"timestamp": "2026-03-13T05:04:07.855520+00:00", "event": "report_downloaded", "actor_role": "auditor", "details": {"scan_id": "489d8e19-b6d3-4b80-b383-58765fe98c7b", "username": "tester"}}
{"timestamp": "2026-03-13T05:04:07.860936+00:00", "event": "scan_created", "actor_role": "admin", "details": {"scan_id": "d025c992-6817-4c93-8e11-37f0743fa4f1", "target_url": "https://example.com", "engine": "simulated", "fallback_to_simulated": "True", "username": "tester"}}
{"timestamp": "2026-03-13T05:04:07.869724+00:00", "event": "scan_created", "actor_role": "admin", "details": {"scan_id": "b23b302a-4ad2-4c91-8a90-d294e7b32ee0", "target_url": "https://example.com", "engine": "zap", "fallback_to_simulated": "False", "username": "tester"}}
{"timestamp": "2026-03-13T05:12:07.171925+00:00", "event": "scan_created", "actor_role": "analyst", "details": {"scan_id": "6a97fc9f-dcae-4bb2-9c21-88da85b1ade4", "target_url": "https://example.com", "engine": "simulated", "fallback_to_simulated": "True", "username": "tester"}}
{"timestamp": "2026-03-13T05:12:07.189534+00:00", "event": "scan_created", "actor_role": "admin", "details": {"scan_id": "c00d4562-3c29-4795-ab01-43ecb777ad7d", "target_url": "https://incomplete.example.com", "engine": "simulated", "fallback_to_simulated": "True", "username": "tester"}}
{"timestamp": "2026-03-13T05:12:07.194726+00:00", "event": "scan_created", "actor_role": "admin", "details": {"scan_id": "ce15f355-45db-4230-9d5d-c69679ba2a7a", "target_url": "https://example.com", "engine": "simulated", "fallback_to_simulated": "True", "username": "tester"}}
{"timestamp": "2026-03-13T05:12:07.198898+00:00", "event": "report_downloaded", "actor_role": "auditor", "details": {"scan_id": "ce15f355-45db-4230-9d5d-c69679ba2a7a", "username": "tester"}}
{"timestamp": "2026-03-13T05:12:07.205146+00:00", "event": "scan_created", "actor_role": "admin", "details": {"scan_id": "404e7970-a907-464c-8b90-59207863e776", "target_url": "https://example.com", "engine": "simulated", "fallback_to_simulated": "True", "username": "tester"}}
{"timestamp": "2026-03-13T05:12:07.213784+00:00", "event": "scan_created", "actor_role": "admin", "details": {"scan_id": "0fba9797-65ac-488a-94e0-e3a847c9524d", "target_url": "https://example.com", "engine": "zap", "fallback_to_simulated": "False", "username": "tester"}}
{"timestamp": "2026-03-13T05:14:41.122149+00:00", "event": "passkey_registered", "actor_role": "admin", "details": {"username": "owner1"}}
{"timestamp": "2026-03-13T05:30:28.532202+00:00", "event": "passkey_registered", "actor_role": "admin", "details": {"username": "owner3"}}
{"timestamp": "2026-03-13T05:30:33.152242+00:00", "event": "passkey_login", "actor_role": "admin", "details": {"username": "owner3"}}
{"timestamp": "2026-03-13T05:31:27.097681+00:00", "event": "scan_created", "actor_role": "admin", "details": {"scan_id": "291f5c8b-9db1-46bf-8f10-9e5d3a79972b", "target_url": "http://testphp.vulnweb.com", "engine": "zap", "fallback_to_simulated": "True", "username": "owner3"}}
{"timestamp": "2026-03-13T05:31:30.243426+00:00", "event": "report_downloaded", "actor_role": "admin", "details": {"scan_id": "291f5c8b-9db1-46bf-8f10-9e5d3a79972b", "username": "owner3"}}
{"timestamp": "2026-03-13T05:31:32.614241+00:00", "event": "scan_created", "actor_role": "admin", "details": {"scan_id": "c9402a49-7d2a-4fa0-be05-82a68ab2113d", "target_url": "http://testphp.vulnweb.com", "engine": "zap", "fallback_to_simulated": "True", "username": "owner3"}}
{"timestamp": "2026-03-13T05:52:28.875108+00:00", "event": "scan_created", "actor_role": "analyst", "details": {"scan_id": "cf13171f-9499-467f-a2ed-37869ec4edf2", "target_url": "https://example.com", "engine": "simulated", "fallback_to_simulated": "True", "username": "tester"}}
{"timestamp": "2026-03-13T05:52:28.893153+00:00", "event": "scan_created", "actor_role": "admin", "details": {"scan_id": "d7f20327-2487-4fff-aae2-ec56fe5174a9", "target_url": "https://incomplete.example.com", "engine": "simulated", "fallback_to_simulated": "True", "username": "tester"}}
{"timestamp": "2026-03-13T05:52:28.899390+00:00", "event": "scan_created", "actor_role": "admin", "details": {"scan_id": "b7bc98fb-f534-426c-8278-fc67c498cc3e", "target_url": "https://example.com", "engine": "simulated", "fallback_to_simulated": "True", "username": "tester"}}
{"timestamp": "2026-03-13T05:52:28.904687+00:00", "event": "report_downloaded", "actor_role": "auditor", "details": {"scan_id": "b7bc98fb-f534-426c-8278-fc67c498cc3e", "username": "tester"}}
{"timestamp": "2026-03-13T05:52:28.911245+00:00", "event": "scan_created", "actor_role": "admin", "details": {"scan_id": "a690d9ec-8860-4155-8a41-57c1d6837b3e", "target_url": "https://example.com", "engine": "simulated", "fallback_to_simulated": "True", "username": "tester"}}
{"timestamp": "2026-03-13T05:52:28.922871+00:00", "event": "scan_created", "actor_role": "admin", "details": {"scan_id": "c7d167bb-5732-4b73-8bea-fa1b17463386", "target_url": "https://example.com", "engine": "zap", "fallback_to_simulated": "False", "username": "tester"}}
{"timestamp": "2026-03-13T05:58:54.160425+00:00", "event": "scan_created", "actor_role": "analyst", "details": {"scan_id": "b2db3af2-8333-444a-925c-c6ac34574c89", "target_url": "https://example.com", "engine": "simulated", "fallback_to_simulated": "True", "username": "tester"}}
{"timestamp": "2026-03-13T05:58:54.178250+00:00", "event": "scan_created", "actor_role": "admin", "details": {"scan_id": "23fb3e64-0264-4774-9dd5-330e64de1999", "target_url": "https://incomplete.example.com", "engine": "simulated", "fallback_to_simulated": "True", "username": "tester"}}
{"timestamp": "2026-03-13T05:58:54.183230+00:00", "event": "scan_created", "actor_role": "admin", "details": {"scan_id": "59a051e0-3c07-4e47-a382-e5fe33eca081", "target_url": "https://example.com", "engine": "simulated", "fallback_to_simulated": "True", "username": "tester"}}
{"timestamp": "2026-03-13T05:58:54.187513+00:00", "event": "report_downloaded", "actor_role": "auditor", "details": {"scan_id": "59a051e0-3c07-4e47-a382-e5fe33eca081", "username": "tester"}}
{"timestamp": "2026-03-13T05:58:54.192477+00:00", "event": "scan_created", "actor_role": "admin", "details": {"scan_id": "d6683563-fc6b-4f27-894c-02350999a25a", "target_url": "https://example.com", "engine": "simulated", "fallback_to_simulated": "True", "username": "tester"}}
{"timestamp": "2026-03-13T05:58:54.201061+00:00", "event": "scan_created", "actor_role": "admin", "details": {"scan_id": "24fc6d75-6b5a-476a-876a-8e479f11a212", "target_url": "https://example.com", "engine": "zap", "fallback_to_simulated": "False", "username": "tester"}}
{"timestamp": "2026-03-13T06:00:36.124776+00:00", "event": "passkey_registered", "actor_role": "admin", "details": {"username": "owner4"}}
{"timestamp": "2026-03-13T06:01:09.001009+00:00", "event": "passkey_login", "actor_role": "admin", "details": {"username": "owner4"}}
{"timestamp": "2026-03-13T06:13:49.595370+00:00", "event": "scan_created", "actor_role": "analyst", "details": {"scan_id": "1d401971-a0e8-4e2a-9d9f-7aa39ccac291", "target_url": "https://example.com", "engine": "simulated", "fallback_to_simulated": "True", "username": "tester"}}
{"timestamp": "2026-03-13T06:13:49.615123+00:00", "event": "scan_created", "actor_role": "admin", "details": {"scan_id": "189a1a40-64f9-4f2c-ab4a-72c533693557", "target_url": "https://incomplete.example.com", "engine": "simulated", "fallback_to_simulated": "True", "username": "tester"}}
{"timestamp": "2026-03-13T06:13:49.619490+00:00", "event": "scan_created", "actor_role": "admin", "details": {"scan_id": "e2b14fa5-0bfd-4966-8542-726b3faa248f", "target_url": "https://example.com", "engine": "simulated", "fallback_to_simulated": "True", "username": "tester"}}
{"timestamp": "2026-03-13T06:13:49.623700+00:00", "event": "report_downloaded", "actor_role": "auditor", "details": {"scan_id": "e2b14fa5-0bfd-4966-8542-726b3faa248f", "username": "tester"}}
{"timestamp": "2026-03-13T06:13:49.629198+00:00", "event": "scan_created", "actor_role": "admin", "details": {"scan_id": "c11ae176-542e-40ab-a1d0-02408e04f4cc", "target_url": "https://example.com", "engine": "simulated", "fallback_to_simulated": "True", "username": "tester"}}
{"timestamp": "2026-03-13T06:13:49.637120+00:00", "event": "scan_created", "actor_role": "admin", "details": {"scan_id": "8188a14e-bc9d-438b-a5a0-be38d9186880", "target_url": "https://example.com", "engine": "zap", "fallback_to_simulated": "False", "username": "tester"}}
{"timestamp": "2026-03-13T06:20:34.522290+00:00", "event": "scan_created", "actor_role": "admin", "details": {"scan_id": "d1325718-cc35-42d8-8b49-c4dfe029fbbb", "target_url": "http://testphp.vulnweb.com", "engine": "zap", "fallback_to_simulated": "True", "username": "owner4"}}
{"timestamp": "2026-03-13T06:20:53.081628+00:00", "event": "report_downloaded", "actor_role": "admin", "details": {"scan_id": "d1325718-cc35-42d8-8b49-c4dfe029fbbb", "username": "owner4"}}
{"timestamp": "2026-03-13T06:21:33.756584+00:00", "event": "audit_viewed", "actor_role": "admin", "details": {"entries": "57", "username": "owner4"}}
